<?xml version="1.0" encoding="UTF-8"?>
<!-- Generated by org.testng.reporters.JUnitXMLReporter -->
<testsuite hostname="DESKTOP-Q4R4JJE" ignored="0" name="Default test" tests="2" failures="0" timestamp="2020-05-15T20:22:49 CEST" time="2.954" errors="0">
  <testcase name="@BeforeMethod startUpGlobal" time="2.894" classname="test.TestUtility">
    <failure type="org.openqa.selenium.SessionNotCreatedException" message="session not created
from disconnected: received Inspector.detached event
  (Session info: chrome=81.0.4044.138)
Build info: version: &amp;apos;3.141.59&amp;apos;, revision: &amp;apos;e82be7d358&amp;apos;, time: &amp;apos;2018-11-14T08:25:48&amp;apos;
System info: host: &amp;apos;DESKTOP-Q4R4JJE&amp;apos;, ip: &amp;apos;192.168.0.25&amp;apos;, os.name: &amp;apos;Windows 10&amp;apos;, os.arch: &amp;apos;amd64&amp;apos;, os.version: &amp;apos;10.0&amp;apos;, java.version: &amp;apos;1.8.0_252&amp;apos;
Driver info: driver.version: ChromeDriver
remote stacktrace: Backtrace:
	Ordinal0 [0x01500C83+1707139]
	Ordinal0 [0x014668F1+1075441]
	Ordinal0 [0x013DDFC9+516041]
	Ordinal0 [0x013D687B+485499]
	Ordinal0 [0x013D6499+484505]
	Ordinal0 [0x013D5D96+482710]
	Ordinal0 [0x013D53AC+480172]
	Ordinal0 [0x013D55D5+480725]
	Ordinal0 [0x013D5035+479285]
	Ordinal0 [0x013DCD25+511269]
	Ordinal0 [0x013D4FE8+479208]
	Ordinal0 [0x013D5A3B+481851]
	Ordinal0 [0x013D53AC+480172]
	Ordinal0 [0x013D55D5+480725]
	Ordinal0 [0x013D5035+479285]
	Ordinal0 [0x013DB5AE+505262]
	Ordinal0 [0x013D4FE8+479208]
	Ordinal0 [0x013D5A3B+481851]
	Ordinal0 [0x013D53AC+480172]
	Ordinal0 [0x013D55D5+480725]
	Ordinal0 [0x013D5035+479285]
	Ordinal0 [0x013D9E1C+499228]
	Ordinal0 [0x013D4FE8+479208]
	Ordinal0 [0x013D5A3B+481851]
	Ordinal0 [0x013D53AC+480172]
	Ordinal0 [0x013D55D5+480725]
	Ordinal0 [0x013D5035+479285]
	Ordinal0 [0x013D94B7+496823]
	Ordinal0 [0x013D4FE8+479208]
	Ordinal0 [0x013D5A3B+481851]
	Ordinal0 [0x013D53AC+480172]
	Ordinal0 [0x013D55D5+480725]
	Ordinal0 [0x013D5035+479285]
	Ordinal0 [0x013D1B5C+465756]
	Ordinal0 [0x013D4FE8+479208]
	Ordinal0 [0x013D4EC4+478916]
	Ordinal0 [0x013DECA0+519328]
	Ordinal0 [0x0138CA67+182887]
	Ordinal0 [0x0138BDDD+179677]
	Ordinal0 [0x01389D4B+171339]
	Ordinal0 [0x01371D4A+73034]
	Ordinal0 [0x01372DC0+77248]
	Ordinal0 [0x01372D59+77145]
	Ordinal0 [0x0147BB67+1162087]
	GetHandleVerifier [0x0159A966+508998]
	GetHandleVerifier [0x0159A6A4+508292]
	GetHandleVerifier [0x015AF7B7+594583]
	GetHandleVerifier [0x0159B1D6+511158]
	Ordinal0 [0x0147402C+1130540]
	Ordinal0 [0x0147D4CB+1168587]
	Ordinal0 [0x0147D633+1168947]
	Ordinal0 [0x01495B35+1268533]
	BaseThreadInitThunk [0x744C8494+36]
	RtlAreBitsSet [0x779E4328+136]
	RtlAreBitsSet [0x779E42F8+88]
">
      <![CDATA[org.openqa.selenium.SessionNotCreatedException: session not created
from disconnected: received Inspector.detached event
  (Session info: chrome=81.0.4044.138)
Build info: version: '3.141.59', revision: 'e82be7d358', time: '2018-11-14T08:25:48'
System info: host: 'DESKTOP-Q4R4JJE', ip: '192.168.0.25', os.name: 'Windows 10', os.arch: 'amd64', os.version: '10.0', java.version: '1.8.0_252'
Driver info: driver.version: ChromeDriver
remote stacktrace: Backtrace:
Ordinal0 [0x01500C83+1707139]
Ordinal0 [0x014668F1+1075441]
Ordinal0 [0x013DDFC9+516041]
Ordinal0 [0x013D687B+485499]
Ordinal0 [0x013D6499+484505]
Ordinal0 [0x013D5D96+482710]
Ordinal0 [0x013D53AC+480172]
Ordinal0 [0x013D55D5+480725]
Ordinal0 [0x013D5035+479285]
Ordinal0 [0x013DCD25+511269]
Ordinal0 [0x013D4FE8+479208]
Ordinal0 [0x013D5A3B+481851]
Ordinal0 [0x013D53AC+480172]
Ordinal0 [0x013D55D5+480725]
Ordinal0 [0x013D5035+479285]
Ordinal0 [0x013DB5AE+505262]
Ordinal0 [0x013D4FE8+479208]
Ordinal0 [0x013D5A3B+481851]
Ordinal0 [0x013D53AC+480172]
Ordinal0 [0x013D55D5+480725]
Ordinal0 [0x013D5035+479285]
Ordinal0 [0x013D9E1C+499228]
Ordinal0 [0x013D4FE8+479208]
Ordinal0 [0x013D5A3B+481851]
Ordinal0 [0x013D53AC+480172]
Ordinal0 [0x013D55D5+480725]
Ordinal0 [0x013D5035+479285]
Ordinal0 [0x013D94B7+496823]
Ordinal0 [0x013D4FE8+479208]
Ordinal0 [0x013D5A3B+481851]
Ordinal0 [0x013D53AC+480172]
Ordinal0 [0x013D55D5+480725]
Ordinal0 [0x013D5035+479285]
Ordinal0 [0x013D1B5C+465756]
Ordinal0 [0x013D4FE8+479208]
Ordinal0 [0x013D4EC4+478916]
Ordinal0 [0x013DECA0+519328]
Ordinal0 [0x0138CA67+182887]
Ordinal0 [0x0138BDDD+179677]
Ordinal0 [0x01389D4B+171339]
Ordinal0 [0x01371D4A+73034]
Ordinal0 [0x01372DC0+77248]
Ordinal0 [0x01372D59+77145]
Ordinal0 [0x0147BB67+1162087]
GetHandleVerifier [0x0159A966+508998]
GetHandleVerifier [0x0159A6A4+508292]
GetHandleVerifier [0x015AF7B7+594583]
GetHandleVerifier [0x0159B1D6+511158]
Ordinal0 [0x0147402C+1130540]
Ordinal0 [0x0147D4CB+1168587]
Ordinal0 [0x0147D633+1168947]
Ordinal0 [0x01495B35+1268533]
BaseThreadInitThunk [0x744C8494+36]
RtlAreBitsSet [0x779E4328+136]
RtlAreBitsSet [0x779E42F8+88]

at sun.reflect.NativeConstructorAccessorImpl.newInstance0(Native Method)
at sun.reflect.NativeConstructorAccessorImpl.newInstance(NativeConstructorAccessorImpl.java:62)
at sun.reflect.DelegatingConstructorAccessorImpl.newInstance(DelegatingConstructorAccessorImpl.java:45)
at java.lang.reflect.Constructor.newInstance(Constructor.java:423)
at org.openqa.selenium.remote.W3CHandshakeResponse.lambda$errorHandler$0(W3CHandshakeResponse.java:62)
at org.openqa.selenium.remote.HandshakeResponse.lambda$getResponseFunction$0(HandshakeResponse.java:30)
at org.openqa.selenium.remote.ProtocolHandshake.lambda$createSession$0(ProtocolHandshake.java:126)
at java.util.stream.ReferencePipeline$3$1.accept(ReferencePipeline.java:193)
at java.util.Spliterators$ArraySpliterator.tryAdvance(Spliterators.java:958)
at java.util.stream.ReferencePipeline.forEachWithCancel(ReferencePipeline.java:126)
at java.util.stream.AbstractPipeline.copyIntoWithCancel(AbstractPipeline.java:499)
at java.util.stream.AbstractPipeline.copyInto(AbstractPipeline.java:486)
at java.util.stream.AbstractPipeline.wrapAndCopyInto(AbstractPipeline.java:472)
at java.util.stream.FindOps$FindOp.evaluateSequential(FindOps.java:152)
at java.util.stream.AbstractPipeline.evaluate(AbstractPipeline.java:234)
at java.util.stream.ReferencePipeline.findFirst(ReferencePipeline.java:531)
at org.openqa.selenium.remote.ProtocolHandshake.createSession(ProtocolHandshake.java:128)
at org.openqa.selenium.remote.ProtocolHandshake.createSession(ProtocolHandshake.java:74)
at org.openqa.selenium.remote.HttpCommandExecutor.execute(HttpCommandExecutor.java:136)
at org.openqa.selenium.remote.service.DriverCommandExecutor.execute(DriverCommandExecutor.java:83)
at org.openqa.selenium.remote.RemoteWebDriver.execute(RemoteWebDriver.java:552)
at org.openqa.selenium.remote.RemoteWebDriver.startSession(RemoteWebDriver.java:213)
at org.openqa.selenium.remote.RemoteWebDriver.<init>(RemoteWebDriver.java:131)
at org.openqa.selenium.chrome.ChromeDriver.<init>(ChromeDriver.java:181)
at org.openqa.selenium.chrome.ChromeDriver.<init>(ChromeDriver.java:168)
at org.openqa.selenium.chrome.ChromeDriver.<init>(ChromeDriver.java:123)
at test.TestUtility.startUpGlobal(TestUtility.java:25)
at sun.reflect.NativeMethodAccessorImpl.invoke0(Native Method)
at sun.reflect.NativeMethodAccessorImpl.invoke(NativeMethodAccessorImpl.java:62)
at sun.reflect.DelegatingMethodAccessorImpl.invoke(DelegatingMethodAccessorImpl.java:43)
at java.lang.reflect.Method.invoke(Method.java:498)
at org.testng.internal.MethodInvocationHelper.invokeMethod(MethodInvocationHelper.java:135)
at org.testng.internal.MethodInvocationHelper.invokeMethodConsideringTimeout(MethodInvocationHelper.java:64)
at org.testng.internal.ConfigInvoker.invokeConfigurationMethod(ConfigInvoker.java:364)
at org.testng.internal.ConfigInvoker.invokeConfigurations(ConfigInvoker.java:318)
at org.testng.internal.TestInvoker.runConfigMethods(TestInvoker.java:700)
at org.testng.internal.TestInvoker.invokeMethod(TestInvoker.java:527)
at org.testng.internal.TestInvoker.invokeTestMethod(TestInvoker.java:174)
at org.testng.internal.MethodRunner.runInSequence(MethodRunner.java:46)
at org.testng.internal.TestInvoker$MethodInvocationAgent.invoke(TestInvoker.java:821)
at org.testng.internal.TestInvoker.invokeTestMethods(TestInvoker.java:147)
at org.testng.internal.TestMethodWorker.invokeTestMethods(TestMethodWorker.java:146)
at org.testng.internal.TestMethodWorker.run(TestMethodWorker.java:128)
at java.util.ArrayList.forEach(ArrayList.java:1257)
at org.testng.TestRunner.privateRun(TestRunner.java:767)
at org.testng.TestRunner.run(TestRunner.java:588)
at org.testng.SuiteRunner.runTest(SuiteRunner.java:384)
at org.testng.SuiteRunner.runSequentially(SuiteRunner.java:378)
at org.testng.SuiteRunner.privateRun(SuiteRunner.java:337)
at org.testng.SuiteRunner.run(SuiteRunner.java:286)
at org.testng.SuiteRunnerWorker.runSuite(SuiteRunnerWorker.java:53)
at org.testng.SuiteRunnerWorker.run(SuiteRunnerWorker.java:96)
at org.testng.TestNG.runSuitesSequentially(TestNG.java:1214)
at org.testng.TestNG.runSuitesLocally(TestNG.java:1136)
at org.testng.TestNG.runSuites(TestNG.java:1066)
at org.testng.TestNG.run(TestNG.java:1034)
at org.testng.remote.AbstractRemoteTestNG.run(AbstractRemoteTestNG.java:115)
at org.testng.remote.RemoteTestNG.initAndRun(RemoteTestNG.java:251)
at org.testng.remote.RemoteTestNG.main(RemoteTestNG.java:77)
]]>
    </failure>
  </testcase> <!-- @BeforeMethod startUpGlobal -->
  <testcase name="@BeforeMethod logIn" time="-1.589566969557E9" classname="test.ProductMenagementTest">
    <skipped/>
  </testcase> <!-- @BeforeMethod logIn -->
  <testcase name="@AfterMethod close" time="0.001" classname="test.TestUtility">
    <failure type="java.lang.NullPointerException">
      <![CDATA[java.lang.NullPointerException
at test.TestUtility.close(TestUtility.java:36)
at sun.reflect.NativeMethodAccessorImpl.invoke0(Native Method)
at sun.reflect.NativeMethodAccessorImpl.invoke(NativeMethodAccessorImpl.java:62)
at sun.reflect.DelegatingMethodAccessorImpl.invoke(DelegatingMethodAccessorImpl.java:43)
at java.lang.reflect.Method.invoke(Method.java:498)
at org.testng.internal.MethodInvocationHelper.invokeMethod(MethodInvocationHelper.java:135)
at org.testng.internal.MethodInvocationHelper.invokeMethodConsideringTimeout(MethodInvocationHelper.java:64)
at org.testng.internal.ConfigInvoker.invokeConfigurationMethod(ConfigInvoker.java:364)
at org.testng.internal.ConfigInvoker.invokeConfigurations(ConfigInvoker.java:318)
at org.testng.internal.TestInvoker.runConfigMethods(TestInvoker.java:700)
at org.testng.internal.TestInvoker.runAfterGroupsConfigurations(TestInvoker.java:676)
at org.testng.internal.TestInvoker.invokeMethod(TestInvoker.java:547)
at org.testng.internal.TestInvoker.invokeTestMethod(TestInvoker.java:174)
at org.testng.internal.MethodRunner.runInSequence(MethodRunner.java:46)
at org.testng.internal.TestInvoker$MethodInvocationAgent.invoke(TestInvoker.java:821)
at org.testng.internal.TestInvoker.invokeTestMethods(TestInvoker.java:147)
at org.testng.internal.TestMethodWorker.invokeTestMethods(TestMethodWorker.java:146)
at org.testng.internal.TestMethodWorker.run(TestMethodWorker.java:128)
at java.util.ArrayList.forEach(ArrayList.java:1257)
at org.testng.TestRunner.privateRun(TestRunner.java:767)
at org.testng.TestRunner.run(TestRunner.java:588)
at org.testng.SuiteRunner.runTest(SuiteRunner.java:384)
at org.testng.SuiteRunner.runSequentially(SuiteRunner.java:378)
at org.testng.SuiteRunner.privateRun(SuiteRunner.java:337)
at org.testng.SuiteRunner.run(SuiteRunner.java:286)
at org.testng.SuiteRunnerWorker.runSuite(SuiteRunnerWorker.java:53)
at org.testng.SuiteRunnerWorker.run(SuiteRunnerWorker.java:96)
at org.testng.TestNG.runSuitesSequentially(TestNG.java:1214)
at org.testng.TestNG.runSuitesLocally(TestNG.java:1136)
at org.testng.TestNG.runSuites(TestNG.java:1066)
at org.testng.TestNG.run(TestNG.java:1034)
at org.testng.remote.AbstractRemoteTestNG.run(AbstractRemoteTestNG.java:115)
at org.testng.remote.RemoteTestNG.initAndRun(RemoteTestNG.java:251)
at org.testng.remote.RemoteTestNG.main(RemoteTestNG.java:77)
]]>
    </failure>
  </testcase> <!-- @AfterMethod close -->
  <testcase name="addProducts" time="0.0" classname="test.ProductMenagementTest">
    <skipped/>
  </testcase> <!-- addProducts -->
  <testcase name="priceChange" time="0.001" classname="test.ProductMenagementTest">
    <skipped/>
  </testcase> <!-- priceChange -->
</testsuite> <!-- Default test -->
